[   .0000] Initiizng cgroup subsys cpuset
[    0.000000] Initializing cgroup subsys cpu
[   0.000000] Initializing cgroup subsys cpuacct
[   .00000] Linux version 4.4.0-130-generic (buildd@lgw01-amd64-039) (gcc version 5.4.0 20160609 (Ubuntu 5.4.0-6ubuntu1~16.04.9) ) #156-Ubuntu SMP Thu Jun 14 08:53:28 UTC 2018 (Ubuntu 4.4.0-130.156-generic 4.4.134)
[    0.000000] Command line: BOOT_IMAGE=/boot/vmlinuz-4.4.0-130-generic root=UUID=c368322f-e84a-4241-ae6c-92464aecaa10 ro console=tty1 console=ttyS0
[    0.000000] KERNEL supported cpus:
[    0.000000]   Intel GenuineIntel
[    0.000000]   AMD AuthenticAMD
[    0.000000]   Centaur CentaurHauls
[    0.0000000] x86fp: stte_offs[2: 576, xstate_sizes[2]:  256
[    0.000000] x86/fpu: Supporting XSAVE feature 0x01: 'x87 floating point registers'
[   .0000] x86/fpu: Supporting XSAVE feature 0x02: 'SSE registers'
[    0.000000] x86fp: upporting XSAVE feature 0x04: 'AVX registers'
[    0.000000] x86/fpu: Enabled xstate features 0x7, context size is 832 bytes, using 'standard' format.
[    0.000000] x86/fpu: Using 'eager' FPU context switches.
[    0.000000] e820: BIOS-provided physical RAM map:
[    0.000000] BIOS-e820: [mem 0x0000000000000000-0x000000000009fff] usabe[    0.000000]BIOS-e820: [mm 0x000000000009fc00-0x000000000009ffff] reserved
[    0.000000] BIOS-e820: [mem 0x00000000000f000-x0000000000fffff] reserved
[   000000] BIOS-e820: [mem 0x0000000000100000-0x00000000dffeffff] usable
[    0.000000] BIOS-e820: [mem 0x00000000dfff0000-0x00000000dfffffff] ACPI data
[    0.000000] BIOS-e820: [mem 0x00000000fec0000-x000000fec00fff] reserved
[    0.000000] BIOS-e820: [mem 0x00000000fee00000-0x00000000fee00fff] reserved
[    0.000000] BIOS-e820: [mem 0x00000000fffc0000-0x00000000ffffffff] reserved
[    0.000000] BIOS-e820: [mem 0x0000000100000000-0x0000000125ffffff] usable
[    0.000000] NX (Execute Disable) protection: active
[    0.000000] SMBIOS 2.5 present.
[    0.000000] Hypervisor detected: KVM
[    0.000000] e820: last_pfn = 0x126000 max_arch_pfn = 0x400000000
[    0.000000] MTRR: Disabled
[    0.000000] x86/PAT: MTRRs disabled, skipping PAT initialization too.
[    0.000000] CPU MTRRs all blank - virtualized system.
[    0.000000] x86/PAT: Configuration [0-7]WB  WT  UC-C  WB WT U- C  
[    0.000] e82: la_pn  0xdfff0ma_ach_pfn = 0x400000000
[    0.000000] foun SMP MP-table at [mem 0x0009fff0-0x0009ffff] mapped at [ffff88000009fff0]
[    0.000000] Scanning 1 areas for low memory corruption
[    0.000000] RAMDISK: [mem 0x361f2000-0x370f0fff]
[    0.000000] ACPI: Early table checksum verification disabled
[    0.000000] ACPI: RSDP 0x00000000000E0000 000024 (v02 VBOX  )
[    0.000000] AACPI: XSDT 0x00000000DFFF0030 00003C (v01 VBOX   VBOXXSDT 00000001 ASL  00000061)
[    0.000000] ACPI: FACP 0x00000000DFFF00F0 0000F4 (v04 VBOX   VBOXFACP 00000001 ASL  00000061)
[    0.000000] ACPI: DSDT 0x00000000DFFF0470 0021FF (v02 VBOX   VBOXBIOS 00000002 INTL 20100528)
[    0.000000] ACPI: FACS 0x00000000DFFF0200 000040
[    0.000000] ACPI: FACS 0x00000000DFFF0200 000040
[    0.000000] ACPI: APIC 0x00000000DFFF0240 00005C (v02 VBOX   VBOXAPIC 00000001 ASL  00000061)
[    0.000000] ACPI: SSDT 0x00000000DFFF02A0 0001CC (v01 VBOX   VBOXCPUT 00000002 INTL 20100528)
[    0.000000] No NUMA configuration found
[    0.000000]Faking a node at [mem 0x0000000000000000-0x0000000125ffffff]
[    0.000000] NODE_DATA(0) allocated [mem 0x125ff7000-0x125ffbfff]
[    0.000000] kvm-clock: Using msrs 4b564d01 and 4b564d00
[    0.000000] kvm-clock: cpu 0, msr 1:25fef001, primary cpu clock
[    0.000000] kvm-clock: using sched offset of 3400837528 cycles
[    0.000000] clocksource: kvm-clock: mask: 0xffffffffffffffff max_cycles: 0x1cd42e4dffb, max_idle_ns: 881590591483 ns
[    0.000000] Zone ranges:
[    0.000000]   DMA      [mem 0x0000000000001000-0x0000000000ffffff]
[    0.000000]   DMA32    [mem 0x0000000001000000-0x00000000ffffffff]
[    0.000000]   Normal   [mem 0x0000000100000000-0x0000000125ffffff]
[    0.000000]   Device   emty
[    0.00000 Mvale zone tat or each node
[    0.000000] Early memory node ranges
[    0.000000]   node   0: [mem 0x0000000000001000-0x000000000009efff]
[    0.000000]   node   0: [mem 0x0000000000100000-0x00000000dffeffff]
[    0.000000]   node   0: [mem 0x0000000100000000-0x0000000125ffffff]
[    0.000000] Initmem setup node 0 [mem 0x0000000000001000-0x0000000125ffffff]
[    0.000000] ACPI: PM-Timer IO Port: 0x4008
[    0.000000] IOAPIC[0]: apic_id 2, version 32, address 0xfec00000, GSI 0-23
[    0.000000] ACPI: INT_SRC_OVR (bus 0 bus_irq 0 global_irq 2 dfl dfl)
[    0.000000] ACPI: INT_SRC_OVR (bus 0 bus_irq 9 global_irq 9 low level)
[    0.000000] Using ACPI (MADT) for SMP configuration information
[    0.000000] smpboot: Allowing 2 CPUs, 0 hotplug CPUs
[    0.000000] PM: Registered nosave memory: [mem 0x00000000-0x00000fff]
[    0.000000] PM: Registered nosave memory: [mem 0x0009f000-0x0009ffff]
[    0.000000] PM: Registered nosave memory: [mem 0x000a0000-0x000effff]
[    0.000000] PM: Registered nosave memory: [mem 0x000f0000-0x000fffff]
[    0.000000] PM: Registered nosave memory: [mem 0xdfff0000-0xdfffffff]
[    0.000000] PM: Registered nosave memory: [mem 0xe0000000-0xfebfffff]
[    0.000000] PM: Registered nosave memory: [mem 0xfec00000-0xfec00fff]
[    0.000000] PM: Registered nosave memory: [mem 0xfec01000-0xfedfffff]
[    0.000000] PM: Registered nosave memory: [mem 0xfee00000-0xfee00fff]
[    0.000000] PM: Registered nosave memory: [mem 0xfee01000-0xfffbffff]
[    0.000000] PM: Registered nosave memory: [mem 0xfffc0000-0xffffffff]
[    0.000000] e820: [mem 0xe0000000-0xfebfffff] available for PCI devices
[    0.000000] Booting paravirtualized kernel on KVM
[    0.000000] clocksource: refined-jiffies: mask: 0xfffffffff max_cycles: 0xffffffff, max_idle_ns: 7645519600211568 ns
[    0.000000] setup_percpu: NR_CPUS:512 nr_cpumask_bits:512 nr_cpu_ids:2 nr_node_ids:1
[    0.000000] PERCPU: Embedded 34 pages/cpu @ffff880125c00000 s99544 r8192 d31528 u1048576
[    0.000000] PV qspinlock hash table entries: 256 (order: 0, 4096 bytes)
[    0.000000] Built 1 zonelists in Node order, mobility grouping on.  Total pages: 1056248
[    0.000000] Policy zone: Normal
[    0.000000] Kernel command line: BOOT_IMAGE=/boot/vmlinuz-4.4.0-130-generic root=UUID=c368322f-e84a-4241-ae6c-92464aecaa10 ro console=tty1 console=ttyS0
[    0.000000] PID hash table entries: 4096 (order: 3, 32768 bytes)
[    0.000000] Memory: 4123928K/4292152K available (8546K kernel code, 1313K rwdata, 4000K rodata, 1516K init, 1316K bss, 168224K reserved, 0K cma-reserved)
[    0.000000] SLUB: HWalign=64, Order=0-3, MinObjects=0, CPUs=2, Nodes=1
[    0.000000] Kernel/User page tables isolation: enabled
[    0.000000] Hierarchical RCU implementation.
[    0.000000] 	Build-time adjustment of leaf fanout to 64.
[    0.000000] 	RCU restricting CPUs from NR_CPUS=512 to nr_cpu_ids=2.
[    0.000000] RCU: Adjusting geometry for rcu_fanout_leaf=64, nr_cpu_ids=2
[    0.000000] NR_IRQS:33024 nr_irqs:440 16
[    0.000000] Console: colour VGA+ 80x25
[    0.000000] console [tty1] enabled
[    0.000000] console [ttyS0] enabled
[    0.000000] tsc: Detected 2593.996 MHz processor
[    1.163522] Calibrating delay loop (skipped) preset value.. 5187.99 BoMPS (lpj=10375984)
[    1.211921] pid_max: default: 32768 minimum: 301
[    1.259920] ACPI: Core revision 20150930
[    1.300384] ACPI: 2 ACPI AML tables successfully acquired and loaded
[    1.360452] Security Framework initialized
[    1.396262] Yama: becoming mindful.
[    1.407404] AppArmor: AppArmor initialized
[    1.429319] Dentry cache hash table entries: 1048576 (order: 11, 8388608 bytes)
[    1.472120] Inode-cache hash table entries: 524288 (order: 10, 4194304 bytes)
[    1.517659] Mount-cache hash table entries: 16384 (order: 5, 131072 bytes)
[    1.519305] Mountpoint-cache hash table entries: 16384 (order: 5, 131072 bytes)
[    1.521649] Initializing cgroup subsys io
[    1.563677] Initializing cgroup subsys memory
[    1.564511] Initializing cgroup subsys devices
[    1.565368] Initializing cgroup subsys freezer
[    1.566327] Initializing cgroup subsys net_cls
[    1.567243] Initializing cgroup subsys perf_event
[    1.571964] Initializing cgroup subsys net_prio
[    1.572852] Initializing cgroup subsys hugetlb
[    1.573735] Initializing cgroup subsys pids
[    1.574619] CPU: Physical Processor ID: 0
[    1.575443] CPU: Processor Core ID: 0
[    1.577105] mce: CPU supports 0 MCE banks
[    1.577952] Last level iTLB entries: 4KB 64, 2MB 8, 4MB 8
[    1.578996] Last level dTLB entries: 4KB 64, 2MB 0, 4MB 0, 1GB 4
[    1.592257] Spectre V2 : Mitigation: Full generic retpoline
[    1.593291] Spectre V2 : Speculation control IBPB not-supported IBRS not-supported
[    1.594595] Speculative Store Bypass: Vulnerable
[    1.598046] Freeing SMP alternatives memory: 32K
[    1.606266] ftrace: allocating 32245 entries in 126 pages
[    1.669525] smpboot: APIC(0) Converting physical 0 to logical package 0
[    1.700711] smpboot: Max logical packages: 1
[    1.739809] x2apic enabled
[    1.747550] Switched APIC routing to physical x2apic.
[    1.784704] ..TIMER: vector=0x30 apic1=0 pin1=2 apic2=-1 pin2=-1
[    1.931714] smpboot: CPU0: Intel(R) Core(TM) i7-5600U CPU @ 2.60GHz (family: 0x6, model: 0x3d, stepping: 0x4)
[    2.008544] Performance Events: unsupported p6 CPU model 61 no PMU driver, software events only.
[    2.043914] KVM setup paravirtual spinlock
[    2.045603] x86: Booting SMP configuration:
[    2.046625] .... node  #0, CPUs:      #1
[    2.047774] kvm-clock: cpu 1, msr 1:25fef041, secondary cpu clock
[    2.049821] mce: CPU supports 0 MCE banks
[    2.052540] x86: Booted up 1 node, 2 CPUs
[    2.053729] smpboot: Total of 2 processors activated (10375.98 BogoMIPS)
[    2.055601] devtmpfs: initialized
[    2.058703] evm: security.selinux
[    2.061506] evm: security.SMACK64
[    2.062341] evm: security.SMACK64EXEC
[    2.063250] evm: security.SMACK64TRANSMUTE
[    2.064261] evm: security.SMACK64MMAP
[    2.065177] evm: security.ima
[    2.065971] evm: security.capability
[    2.067098] clocksource: jiffies: mask: 0xffffffff max_cycles: 0xffffffff, max_idle_ns: 7645041785100000 ns
[    2.069783] futex hash table entries: 512 (order: 3, 32768 bytes)
[    2.071424] pinctrl core: initialized pinctrl subsystem
[    2.073119] RTC time:  9:37:48, date: 07/19/18
[    2.074507] NET: Registered protocol family 16
[    2.088140] cpuidle: using governor ladder
[    2.099872] cpuidle: using governor menu
[    2.153995] PCCT header not found.
[    2.191157] ACPI: bus type PCI registered
[    2.223533] acpiphp: ACPI Hot Plug PCI Controller Driver version: 0.5
[    2.226362] PCI: Using configuration type 1 for base access
[    2.260106] ACPI: Added _OSI(Module Device)
[    2.295854] ACPI: Added _OSI(Processor Device)
[    2.316429] ACPI: Added _OSI(3.0 _SCP Extensions)
[    2.326134] ACPI: Added _OSI(Processor Aggregator Device)
[    2.369190] ACPI: Executed 1 blocks of module-level executable AML code
[    2.406323] ACPI: Interpreter enabled
[    2.422372] ACPI: (supports S0 S5)
[    2.435223] ACPI: Using IOAPIC for interrupt routing
[    2.447266] PCI: Using host bridge windows from ACPI; if necessary, use "pci=nocrs" and report a bug
[    2.491867] ACPI: PCI Root Bridge [PCI0] (domain 0000 [bus 00-ff])
[    2.529955] acpi PNP0A03:00: _OSC: OS supports [ASPM ClockPM Segments MSI]
[    2.551339] acpi PNP0A03:00: _OSC: not requesting OS control; OS requires [ExtendedConfig ASPM ClockPM MSI]
[    2.580943] acpi PNP0A03:00: fail to add MMCONFIG information, can't access extended PCI configuration space under this bridge.
[    2.626514] PCI host bridge to bus 0000:00
[    2.627522] pci_bus 0000:00: root bus resource [io  0x0000-0x0cf7 window]
[    2.691735] pci_bus 0000:00: root bus resource [io  0x0d00-0xffff window]
[    2.698936] pci_bus 0000:00: root bus resource [mem 0x000a0000-0x000bffff window]
[    2.765648] pci_bus 0000:00: root bus resource [mem 0xe0000000-0xfdffffff window]
[    2.799373] pci_bus 0000:00: root bus resource [bus 00-ff]
[    2.836610] pci 0000:00:01.1: legacy IDE quirk: reg 0x10: [io  0x01f0-0x01f7]
[    2.860464] pci 0000:00:01.1: legacy IDE quirk: reg 0x14: [io  0x03f6]
[    2.861911] pci 0000:00:01.1: legacy IDE quirk: reg 0x18: [io  0x0170-0x0177]
[    2.875299] pci 0000:00:01.1: legacy IDE quirk: reg 0x1c: [io  0x0376]
[    2.924644] pci 0000:00:07.0: quirk: [io  0x4000-0x403f] claimed by PIIX4 ACPI
[    2.974281] pci 0000:00:07.0: quirk: [io  0x4100-0x410f] claimed by PIIX4 SMB
[    3.005955] ACPI: PCI Interrupt Link [LNKA] (IRQs 5 9 10 *11)
[    3.010828] ACPI: PCI Interrupt Link [LNKB] (IRQs 5 9 *10 11)
[    3.013650] ACPI: PCI Interrupt Link [LNKC] (IRQs 5 *9 10 11)
[    3.028854] ACPI: PCI Interrupt Link [LNKD] (IRQs 5 9 10 *11)
[    3.033176] ACPI: Enabled 2 GPEs in block 00 to 07
[    3.034780] vgaarb: setting as boot device: PCI:0000:00:02.0
[    3.038277] vgaarb: device added: PCI:0000:00:02.0,decodes=io+mem,owns=io+mem,locks=none
[    3.054997] vgaarb: loaded
[    3.077050] vgaarb: bridge control possible 0000:00:02.0
[    3.082103] SCSI subsystem initialized
[    3.091895] ACPI: bus type USB registered
[    3.115156] usbcore: registered new interface driver usbfs
[    3.116440] usbcore: registered new interface driver hub
[    3.117761] usbcore: registered new device driver usb
[    3.119171] PCI: Using ACPI for IRQ routing
[    3.120529] NetLabel: Initializing
[    3.121444] NetLabel:  domain hash size = 128
[    3.122503] NetLabel:  protocols = UNLABELED CIPSOv4
[    3.123737] NetLabel:  unlabeled traffic allowed by default
[    3.125124] amd_nb: Cannot enumerate AMD northbridges
[    3.126371] clocksource: Switched to clocksource kvm-clock
[    3.134661] AppArmor: AppArmor Filesystem Enabled
[    3.135858] pnp: PnP ACPI init
[    3.137799] pnp: PnP ACPI: found 3 devices
[    3.148905] clocksource: acpi_pm: mask: 0xffffff max_cycles: 0ffffff, max_idle_ns: 2085701024 ns
[    3.173913] NET: Registered protocol family 2

[    3.175085] TCP established hash table entries: 65536 (order: 7, 524288 bytes)
[    3.177397] TCP bind hash table entries: 65536 (order: 8, 1048576 bytes)
[   .1044]TC: as tbls onigre (established 65536 bind 65536)
[    3.493635] UD hshtale entries: 4096 (order: 5, 131072 bytes)
[    3.597557] UDP-Lite hash table entries: 4096 (order: 5, 131072 bytes)
[    3.598787] NET: Registered protocol family 1
[    3.599681] pci 0000:00:00.0: Limiting direct PCI/PCI transfers
[    3.600892] pci 0000:00:01.0: Activating ISA DMA hang workarounds
[    3.602144] Unpacking initramfs...
[    3.812063] Freeing initrd memory: 15356K
[    3.855295] PCI-DMA: Using software bounce buffering for IO (SWIOTLB)
[    3.918509] software IO TLB [mem 0xdbff0000-0xdfff0000] (64MB) mapped at [ffff8800dbff0000-ffff8800dffeffff]
[    4.012951] RAPL PMU detected, API unit is 2^-32 Joules, 4 fixed counters 10737418240 ms ovfl timer
[    4.059607] hw unit of domain pp0-core 2^-0 Joules
[    4.111783] hw unit of domain package 2^-0 Joules
[    4.150966] hw unit of domain dram 2^-0 Joules
[    4.187162] hw unit of domain pp1-gpu 2^-0 Joules
[    4.191886] platform rtc_cmos: registered platform RTC device (no PNP device found)
[    4.193809] Scanning for low memory corruption every 60 seconds
[    4.195627] audit: initializing netlink subsys (disabled)
[    4.196893] audit: type=2000 audit(1531993072.971:1): initialized
[    4.198584] Initialise system trusted keyring
[    4.199783] HugeTLB registered 2 MB page size, pre-allocated 0 pages
[    4.202439] zbud: loaded
[    4.203509] VFS: Disk quotas dquot_6.6.0
[    4.204531] VFS: Dquot-cache hash table entries: 512 (order 0, 4096 bytes)
[    4.206252] squashfs: version 4.0 (2009/01/31) Phillip Lougher
[    4.207929] fuse init (API version 7.23)
[    4.209092] Key type big_key registered
[    4.210087] Allocating IMA MOK and blacklist keyrings.
[    4.212456] Key type asymmetric registered
[    4.213489] Asymmetric key parser 'x509' registered
[    4.214832] Block layer SCSI generic (bsg) driver version 0.4 loaded (major 249)
[    4.222422] io scheduler noop registered
[    4.223476] io scheduler deadline registered (default)
[    4.224687] io scheduler cfq registered
[    4.225751] pci_hotplug: PCI Hot Plug PCI Core version: 0.5
[    4.227093] pciehp: PCI Express Hot Plug Controller Driver version: 0.4
[    4.228854] ACPI: AC Adapter [AC] (off-line)
[    4.230066] input: Power Button as /devices/LNXSYSTM:00/LNXPWRBN:00/input/input0
[    4.231913] ACPI: Power Button [PWRF]
[    4.232961] input: Sleep Button as /devices/LNXSYSTM:00/LNXSLPBN:00/input/input1
[    4.234936] ACPI: Sleep Button [SLPF]
[    4.236104] GHES: HEST is not enabled!
[    4.236928] ACPI: Battery Slot [BAT0] (battery present)
[    4.238615] Serial: 8250/16550 driver, 32 ports, IRQ sharing enabled
[    4.262222] 00:02: ttyS0 at I/O 0x3f8 (irq = 4, base_baud = 115200) is a 16550A
[    4.286405] Linux agpgart interface v0.103
[    4.291070] loop: module loaded
[    4.292307] scsi host0: ata_piix
[    4.293144] scsi host1: ata_piix
[    4.293892] ata1: PATA max UDMA/33 cmd 0x1f0 ctl 0x3f6 bmdma 0xd000 irq 14
[    4.295081] ata2: PATA max UDMA/33 cmd 0x170 ctl 0x376 bmdma 0xd008 irq 15
[    4.296538] libphy: Fixed MDIO Bus: probed
[    4.297308] tun: Universal TUN/TAP device driver, 1.6
[    4.307281] tun: (C) 1999-2004 Max Krasnyansky <maxk@qualcomm.com>
[    4.331487] PPP generic driver version 2.4.2
[    4.355363] ehci_hcd: USB 2.0 'Enhanced' Host Controller (EHCI) Driver
[    4.367000] ehci-pci: EHCI PCI platform driver
[    4.368187] ehci-platform: EHCI generic platform driver
[    4.369495] ohci_hcd: USB 1.1 'Open' Host Controller (OHCI) Driver
[    4.371032] ohci-pci: OHCI PCI platform driver
[    4.402123] ohci-platform: OHCI generic platform driver
[    4.430629] uhci_hcd: USB UvesaHost Controller Interface driver

[    4.564686] i8042: PNP: PS/2 Controller [PNP0303:PS2K,PNP0f03:PS2M] at 0x60,0x64 irq 1,12
[    4.568697] serio: i8042 KBD port at 0x60,0x64 irq 1
[    4.569590] serio: i8042 AUX port at 0x60,0x64 irq 12
[    4.570624] mousedev: PS/2 mouse device common for all mice
[    4.576380] input: AT Translated Set 2 keyboard as /devices/platform/i8042/serio0/input/input2
[    4.578254] rtc_cmos rtc_cmos: rtc core: registered rtc_cmos as rtc0
[    4.579484] rtc_cmos rtc_cmos: alarms up to one day, 114 bytes nvram
[    4.580552] i2c /dev entries driver
[    4.581300] device-mapper: uevent: version 1.0.3
[    4.582185] device-mapper: ioctl: 4.34.0-ioctl (2015-10-28) initialised: dm-devel@redhat.com
[    4.583745] ledtrig-cpu: registered to indicate activity on CPUs
[    4.594948] NET: Registered protocol family 10
[    4.626211] NET: Registered protocol family 17
[    4.635518] Key type dns_resolver registered
[    4.662620] registered taskstats version 1
[    4.700779] Loading compiled-in X.509 certificates
[    4.702265] Loaded X.509 cert 'Build time autogenerated kernel key: b3e0fe4bcd6378c38a2c0a4648abbc1fa5043a22'
[    4.704046] zswap: loaded using pool lzo/zbud
[    4.706506] Key type trusted registered
[    4.710155] Key type encrypted registered
[    4.711014] AppArmor: AppArmor sha1 policy hashing enabled
[    4.712021] ima: No TPM chip found, activating TPM-bypass!
[    4.712988] ima: Allocated hash algorithm: sha1
[    4.713847] evm: HMAC attrs: 0x1
[    4.717861]   Magic number: 10:966:626
[    4.718715] rtc_cmos rtc_cmos: setting system clock to 2018-07-19 09:37:51 UTC (1531993071)
[    4.720343] BIOS EDD facility v0.16 2004-Jun-25, 0 devices found
[    4.723177] EDD information not available.
[    4.725110] Freeing unused kernel memory: 1516K
[    4.734826] Write protecting the kernel read-only data: 14336k
[    4.747568] Freeing unused kernel memory: 1680K
[    4.775825] Freeing unused kernel memory: 96K
Loading, please wait...
starting version 229
[    4.814375] random: systemd-udevd: uninitialized urandom read (16 bytes read, 3 bits of entropy available)
[    4.814933] random: udevadm: uninitialized urandom read (16 bytes read, 3 bits of entropy available)
[    4.814948] random: udevadm: uninitialized urandom read (16 bytes read, 3 bits of entropy available)
[    4.822552] random: udevadm: uninitialized urandom read (16 bytes read, 3 bits of entropy available)
[    4.822589] random: udevadm: uninitialized urandom read (16 bytes read, 3 bits of entropy available)
[    4.822734] random: udevadm: uninitialized urandom read (16 bytes read, 3 bits of entropy available)
[    4.822778] random: udevadm: uninitialized urandom read (16 bytes read, 3 bits of entropy available)
[    4.822820] random: udevadm: uninitialized urandom read (16 bytes read, 3 bits of entropy available)
[    4.822865] random: udevadm: uninitialized urandom read (16 bytes read, 3 bits of entropy available)
[    4.822906] random: udevadm: uninitialized urandom read (16 bytes read, 3 bits of entropy available)
[    4.873309] e1000: Intel(R) PRO/1000 Network Driver - version 7.3.21-k8-NAPI
[    4.881280] e1000: Copyright (c) 1999-2006 Intel Corporation.
[    4.887697] Fusion MPT base driver 3.04.20
[    4.888794] Copyright (c) 1999-2008 LSI Corporation
[    4.921846] Fusion MPT SPI Host driver 3.04.20
[    4.924560] AVX2 version of gcm_enc/dec engaged.
[    4.927448] AES CTR mode by8 optimization enabled
[    5.095595] input: ImExPS/2 Generic Explorer Mouse as /devices/platform/i8042/serio1/input/input4
[    5.190470] tsc: Refined TSC clocksource calibration: 2594.469 MHz
[    5.193013] clocksource: tsc: mask: 0xffffffffffffffff max_cycles: 0x2565d317710, max_idle_ns: 440795273886 ns
[    5.287682] e1000 0000:00:03.0 eth0: (PCI:33MHz:32-bit) 02:e2:9f:2c:6c:68
[    5.289265] e1000 0000:00:03.0 eth0: Intel(R) PRO/1000 Network Connection
[    5.291689] mptbase: ioc0: Initiating bringup
[    5.355359] ioc0: LSI53C1030 A0: Capabilities={Initiator}
[    5.565120] scsi host2: ioc0: LSI53C1030 A0, FwRev=00000000h, Ports=1, MaxQ=256, IRQ=20
[    5.679121] scsi 2:0:0:0: Direct-Access     VBOX     HARDDISK         1.0  PQ: 0 ANSI: 5
[    5.704922] scsi target2:0:0: Beginning Domain Validation
[    5.720579] scsi target2:0:0: Domain Validation skipping write tests
[    5.721684] scsi target2:0:0: Ending Domain Validation
[    5.722669] scsi target2:0:0: asynchronous
[    5.724071] scsi 2:0:1:0: Direct-Access     VBOX     HARDDISK         1.0  PQ: 0 ANSI: 5
[    5.725584] scsi target2:0:1: Beginning Domain Validation
[    5.728033] scsi target2:0:1: Domain Validation skipping write tests
[    5.729106] scsi target2:0:1: Ending Domain Validation
[    5.730208] scsi target2:0:1: asynchronous
[    5.763277] sd 2:0:0:0: Attached scsi generic sg0 type 0
[    5.771141] sd 2:0:0:0: [sda] 20971520 512-byte logical blocks: (10.7 GB/10.0 GiB)
[    5.773170] sd 2:0:0:0: [sda] Write Protect is off
[    5.774470] sd 2:0:0:0: [sda] Incomplete mode parameter data
[    5.775794] sd 2:0:0:0: [sda] Assuming drive cache: write through
[    5.778229] sd 2:0:1:0: Attached scsi generic sg1 type 0
[    5.779764] sd 2:0:1:0: [sdb] 20480 512-byte logical blocks: (10.5 MB/10.0 MiB)
[    5.781788] sd 2:0:1:0: [sdb] Write Protect is off
[    5.783119] sd 2:0:1:0: [sdb] Incomplete mode parameter data
[    5.784512] sd 2:0:1:0: [sdb] Assuming drive cache: write through
[    5.785911]  sda: sda1
[    5.787311] sd 2:0:0:0: [sda] Attached SCSI disk
[    5.790958] sd 2:0:1:0: [sdb] Attached SCSI disk
[    6.082298] e1000 0000:00:08.0 eth1: (PCI:33MHz:32-bit) 08:00:27:8c:dc:d6
[    6.127397] e1000 0000:00:08.0 eth1: Intel(R) PRO/1000 Network Connection
[    6.156500] e1000 0000:00:08.0 enp0s8: renamed from eth1
[    6.227276] e1000 0000:00:03.0 enp0s3: renamed from eth0
Begin: Loading e[    7.577107] md: linear personality registered for level -1
ssential drivers ... [    7.612923] md: multipath personality registered for level -4
[    7.630578] md: raid0 personality registered for level 0
[    7.634813] md: raid1 personality registered for level 1
[    7.706478] raid6: sse2x1   gen()  9610 MB/s
[    7.798562] raid6: sse2x1   xor()  7083 MB/s
[    7.890550] raid6: sse2x2   gen() 12128 MB/s
[    7.990388] raid6: sse2x2   xor()  7965 MB/s
[    8.062461] raid6: sse2x4   gen() 13992 MB/s
[    8.158590] raid6: sse2x4   xor()  9935 MB/s
[    8.258669] raid6: avx2x1   gen() 18679 MB/s
[    8.330420] raid6: avx2x2   gen() 22058 MB/s
[    8.434431] raid6: avx2x4   gen() 24873 MB/s
[    8.442863] raid6: using algorithm avx2x4 gen() 24873 MB/s
[    8.466572] raid6: using avx2x2 recovery algorithm
[    8.486476] xor: automatically using best checksumming function:
[    8.526386]    avx       : 24529.000 MB/sec
[    8.528804] async_tx: api initialized (async)
[    8.538814] md: raid6 personality registered for level 6
[    8.540117] md: raid5 personality registered for level 5
[    8.541368] md: raid4 personality registered for level 4
[    8.549751] md: raid10 personality registered for level 10
done.
Begin: Running /scripts/init-premount ... done.
Begin: Mounting root file system ... Begin: Running /scripts/local-top ... done.
Begin: Running /scripts/local-premount ... [    8.598765] Btrfs loaded
Scanning for Btrfs filesystems
done.
Warning: fsck not present, so skipping root file system
[    8.637682] EXT4-fs (sda1): mounted filesystem with ordered data mode. Opts: (null)
done.
Begin: Running /scripts/local-bottom ... done.
Begin: Running /scripts/init-bottom ... done.
[    8.786403] systemd[1]: systemd 229 running in system mode. (+PAM +AUDIT +SELINUX +IMA +APPARMOR +SMACK +SYSVINIT +UTMP +LIBCRYPTSETUP +GCRYPT +GNUTLS +ACL +XZ -LZ4 +SECCOMP +BLKID +ELFUTILS +KMOD -IDN)
[    8.801691] systemd[1]: Detected virtualization oracle.
[    8.854430] systemd[1]: Detected architecture x86-64.

Welcome to [1mUbuntu 16.04.4 LTS[0m!

[    8.916228] systemd[1]: Set hostname to <ubuntu-xenial>.
[    9.117446] systemd[1]: Reached target Encrypted Volumes.
[[0;32m  OK  [0m] Reached target Encrypted Volumes.
[    9.119474] systemd[1]: Started Trigger resolvconf update for networkd DNS.
[[0;32m  OK  [0m] Started Trigger resolvconf update for networkd DNS.
[    9.122049] systemd[1]: Created slice User and Session Slice.
[[0;32m  OK  [0m] Created slice User and Session Slice.
[    9.159490] systemd[1]: Listening on udev Control Socket.
[[0;32m  OK  [0m] Listening on udev Control Socket.
[    9.279372] systemd[1]: Created slice System Slice.
[[0;32m  OK  [0m] Created slice System Slice.
[    9.328029] systemd[1]: Listening on /dev/initctl Compatibility Named Pipe.
[[0;32m  OK  [0m] Listening on /dev/initctl Compatibility Named Pipe.
[    9.411146] systemd[1]: Listening on Journal Socket.
[[0;32m  OK  [0m] Listening on Journal Socket.
[    9.490954] systemd[1]: Mounting Debug File System...
         Mounting Debug File System...
[    9.506700] systemd[1]: Set up automount Arbitrary Executable File Formats File System Automount Point.
[[0;32m  OK  [0m] Set up automount Arbitrary Executab...ats File System Automount Point.
[    9.563286] systemd[1]: Starting Nameserver information manager...
         Starting Nameserver information manager...
[    9.566129] systemd[1]: Reached target Slices.
[[0;32m  OK  [0m] Reached target Slices.
[    9.568555] systemd[1]: Listening on Journal Socket (/dev/log).
[[0;32m  OK  [0m] Listening on Journal Socket (/dev/log).
[    9.572639] systemd[1]: Listening on LVM2 poll daemon socket.
[[0;32m  OK  [0m] Listening on LVM2 poll daemon socket.
[    9.576681] systemd[1]: Listening on Journal Audit Socket.
[[0;32m  OK  [0m] Listening on Journal Audit Socket.
[    9.581421] systemd[1]: Starting Load Kernel Modules...
[    9.596824] Loading iSCSI transport class v2.0-870.
         Starting Load Kernel Modules...
[    9.599128] systemd[1]: Listening on Syslog Socket.
[[0;32m  OK  [0m] Listening on Syslog Socket.
[    9.603794] systemd[1]: Starting Journal Service...
         Starting Journal Servic[    9.609369] iscsi: registered transport (tcp)
e...
[    9.621049] systemd[1]: Starting Uncomplicated firewall...
         Starting Uncomplicated firewall...
[    9.626016] systemd[1]: Started Forward Password Requests to Wall Directory Watch.
[[0;32m  OK  [0m] Started Forward Password Req[    9.656522] iscsi: registered transport (iser)
uests to Wall Directory Watch.
[    9.710013] systemd[1]: Created slice system-serial\x2dgetty.slice.
[[0;32m  OK  [0m] Created slice system-serial\x2dgetty.slice.
[   .7320]syted[]: Listening on Device-mapper event daemon FIFOs.

[[0;32m  OK  [0m] Listening on Device-mapper event daemon FIFOs.
[    9.948052] random: nonblocking pool is initialized
[    9.949571] systemd[1]: Listening on udev Kernel Socket.
[[0;32m  OK  [0m] Listening on udev Kernel Socket.
[    9.966564] systemd[1]: Mounting Huge Pages File System...
         Mounting Huge Pages File System...
[    9.976734] systemd[1]: Reached target Swap.
[[0;32m  OK  [0m] Reached target Swap.
[    9.983302] systemd[1]: Starting Remount Root and Kernel File Systems...
         [    9.987394] EXT4-fs (sda1): re-mounted. Opts: (null)
Starting Remount Root and Kernel File Systems...
[   10.046467] systemd[1]: Mounting RPC Pipe File System...
         Mounting RPC Pip[   10.061441] RPC: Registered named UNIX socket transport module.
e File System...
[   10.125836] RPC: Registered udp transport module.
[   10.126573] systemd[1]: Mounting POSIX Message Queue File System...
[   10.128396] RPC: Registered tcp transport module.
[   10.128397] RPC: Registered tcp NFSv4.1 backchannel transport module.
         Mounting POSIX Message Queue File System...
[   10.135503] systemd[1]: Starting Create list of required static device nodes for the current kernel...
         Starting Create list of required st... nodes for the current kernel...
[   10.155204] systemd[1]: Reached target User and Group Name Lookups.
[[0;32m  OK  [0m] Reached target User and Group Name Lookups.
[  1.2394]syted[1]: Reached target System Time ynchronize
[[0;32m  OK  [0m] Reached target System Time Synchronized.
[   10.603606] systemd[1]: Starting Set console keymap...
         Starting Set console keymap...
[   10.612458] systemd[1]: Listening on LVM2 metadata daemon socket.
[[0;32m  OK  [0m] Listening on LVM2 metadata daemon socket.
[   10.637965] systemd[1]: Starting Monitoring of LVM2 mirrors, snapshots etc. using dmeventd or progress polling...
         Starting Monitoring of LVM2 mirrors... dmeventd or progress polling...
[   10.648856] systemd[1]: Mounted RPC Pipe File System.
[[0;32m  OK  [0m] Mounted RPC Pipe File System.
[   10.652299] systemd[1]: Mounted POSIX Message Queue File System.
[[0;32m  OK  [0m] Mounted POSIX Message Queue File System.
[   10.660599] systemd[1]: Mounted Debug File System.
[[0;32m  OK  [0m] Mounted Debug File System.
[   10.694881] systemd[1]: Mounted Huge Pages File System.
[[0;32m  OK  [0m] Mounted Huge Pages File System.
[   10.706317] systemd[1]: Started Journal Service.
[[0;32m  OK  [0m] Started Journal Service.
[[0;32m  OK  [0m] Started Load Kernel Modules.
[[0;32m  OK  [0m] Started Uncomplicated firewall.
[[0;32m  OK  [0m] Started Remount Root and Kernel File Systems.
[[0;32m  OK  [0m] Started Create list of required sta...ce nodes for the current kernel.
[[0;32m  OK  [0m] Started Set console keymap.
[[0;32m  OK  [0m] Started Nameserver information manager.
[[0;32m  OK  [0m] Started LVM2 metadata daemon.
         Starting Create Static Device Nodes in /dev...
         Starting Load/Save Random Seed...
         Starting udev Coldplug all Devices...
         Mounting FUSE Control File System...
         Starting Apply Kernel Variables...
         Starting Flush Journal to Persistent Storage...
[[0;32m  OK  [0m] Mounted FUSE Control File System.
[[0;32m  OK  [0m] Started Create Static Device Nodes in /dev.
[[0;32m  OK  [0m] Started Load/Save Random Seed.
[[0;32m  OK  [0m] Started Apply Kernel Variables.
[[0;32m  OK  [0m] Started udev Coldplug all Devices.
         Starting udev Kernel Device Manager...
[[0;32m  OK  [0m] Started Flush Journal to Persistent Storage.
[[0;32m  OK  [0m] Started udev Kernel Device Manager.
[[0;32m  OK  [0m] Started Dispatch Password Requests to Console Directory Watch.
[[0;32m  OK  [0m] Started Monitoring of LVM2 mirrors,...ng dmeventd or progress polling.
[[0;32m  OK  [0m] Reached target Local File Systems (Pre).
[[0;32m  OK  [0m] Reached target Local File Systems.
         Starting Tell Plymouth To Write Out Runtime Data...
         Starting Set console font and keymap...
         Starting LSB: AppArmor initialization...
         Starting Initial cloud-init job (pre-networking)...
         Starting Create Volatile Files and Directories...
         Starting Preprocess NFS configuration...
[[0;32m  OK  [0m] Started Tell Plymouth To Write Out Runtime Data.
[[0;32m  OK  [0m] Started Preprocess NFS configuration.
[[0;32m  OK  [0m] Started Create Volatile Files and Directories.
         Starting Update UTMP about System Boot/Shutdown...
[[0;32m  OK  [0m] Reached target NFS client services.
[[0;32m  OK  [0m] Started Update UTMP about System Boot/Shutdown.
[[0;32m  OK  [0m] Started LSB: AppArmor initialization.
[[0;32m  OK  [0m] Found device /dev/ttyS0.
[[0;32m  OK  [0m] Found device 82540EM Gigabit Ethern...r (PRO/1000 MT Desktop Adapter).
[[0;32m  OK  [0m] Found device 82540EM Gigabit Ethern...r (PRO/1000 MT Desktop Adapter).
[[0;32m  OK  [0m] Listening on Load/Save RF Kill Switch Status /dev/rfkill Watch.
[[0;32m  OK  [0m] Started Set console font and keymap.
[[0;32m  OK  [0m] Created slice system-getty.slice.
[   10.696080] cloud-init[498]: Cloud-init v. 18.2 running 'init-local' at Thu, 19 Jul 2018 09:37:59 +0000. Up 10.39 seconds.
[[0;32m  OK  [0m] Started Initial cloud-init job (pre-networking).
[[0;32m  OK  [0m] Reached target Network (Pre).
[[0;32m  OK  [0m] Started ifup for enp0s8.
         Starting Raise network interfaces...
[[0;32m  OK  [0m] Started ifup for enp0s3.
[[0;32m  OK  [0m] Started Raise network interfaces.
         Starting Initial cloud-init job (metadata service crawler)...
[[0;32m  OK  [0m] Reached target Network.
[   11.665457] cloud-init[1100]: Cloud-init v. 18.2 running 'init' at Thu, 19 Jul 2018 09:38:00 +0000. Up 11.33 seconds.
[   11.668030] cloud-init[1100]: ci-info: ++++++++++++++++++++++++++++++++++++++Net device info++++++++++++++++++++++++++++++++++++++
[   11.670774] cloud-init[1100]: ci-info: +--------+------+-----------------------------+---------------+-------+-------------------+
[   11.673535] cloud-init[1100]: ci-info: | Device |  Up  |           Address           |      Mask     | Scope |     Hw-Address    |
[   11.683731] cloud-init[1100]: ci-info: +--------+------+-----------------------------+---------------+-------+-------------------+
[   11.700612] cloud-init[1100]: ci-info: | enp0s3 | True |          10.0.2.15          | 255.255.255.0 |   .   | 02:e2:9f:2c:6c:68 |
[   11.720612] [[0;32m  OK  [0m] Started Initial cloud-init job (metadata service crawler).
cloud-init[[0;32m  OK  [0m] Reached target System Initialization.
[1100]: ci-info: | enp0s3 | True |  fe80::e2:9fff:fe2c:6c68/64 |       .       |  link | 02:e2:9f:2c:6c:68 |
[   11.752942] [[0;32m  OK  [0m] Started ACPI Events Check.
[[0;32m  OK  [0m] Reached target Paths.
[[0;32m  OK  [0m] Started Daily Cleanup of Temporary Directories.
[[0;32m  OK  [0m] Listening on ACPID Listen Socket.
[[0;32m  OK  [0m] Listening on UUID daemon activation socket.
         Starting Socket activation for snappy daemon.
cloud-init[1100]: ci-info: | enp0s8 | True |       192.168.137.137       | 255.255.255.0 |   .   | 08:00:27:8c:dc:d6 |
[   11.980556]          Starting LXD - unix socket.
[[0;32m  OK  [0m] Listening on RPCbind Server Activation Socket.
[[0;32m  OK  [0m] Listening on D-Bus System Message Bus Socket.
cloud-init[1100]: ci-info: | enp0s8 | True | fe80::a00:27ff:fe8c:dcd6/64 |       .       |  link | 08:00:27:8c:dc:d6 |
[   12.114820] [[0;32m  OK  [0m] Started Daily apt download activities.
[[0;32m  OK  [0m] Started Daily apt upgrade and clean activities.
[[0;32m  OK  [0m] Reached target Timers.
cloud-init[1100]: ci-info: |   lo   | True |          127.0.0.1          |   255.0.0.0   |   .   |         .         |
[   12.308940] [[0;32m  OK  [0m] Reached target Network is Online.
cloud-init[1100]: ci-info: |   lo   | True |           ::1/128           |       .       |  host |         .         |
[   12.404529]          Starting iSCSI initiator daemon (iscsid)...
[[0;32m  OK  [0m] Reached target Cloud-config availability.
cloud-init[1100]: ci-info: +--------+------+-----------------------------+---------------+-------+-------------------+[[0;32m  OK  [0m] Listening on Socket activation for snappy daemon.
[[0;32m  OK  [0m] Listening on LXD - unix socket.

[   12.411000] cloud-init[1100]: ci-info: ++++++++++++++++++++++++++++Route IPv4 info+++++++++++++++++++++++++++++
[   12.413290] cloud-init[1100]: ci-info: +-------+---------------+----------+---------------+-----------+-------+
[   12.415629] cloud-init[1100]: ci-info: | Route |  Destination  | Gateway  |    Genmask    | Interface | Flags |
[   12.417977] cloud-init[1100]: ci-info: +-------+---------------+----------+---------------+-----------+-------+
[   12.428524] cloud-init[1100]: ci-info: |   0   |    0.0.0.0    | 10.0.2.2 |    0.0.0.0    |   enp0s3  |   UG  |
[   12.453101] [cloud-init[0;32m  OK  [0m[1100]: ] ci-info: |   1   |    10.0.2.0   | 0.0.0.0  | 255.255.255.0 |   enp0s3  |   U   |Started iSCSI initiator daemon (iscsid).

[   12.453727] cloud-init[1100]: ci-info: |   2   | 192.168.137.0 | 0.0.0.0  | 255.255.255.0 |   enp0s8  |   U   |
[   12.628905]          Starting Login to default iSCSI targets...
[[0;32m  OK  [0m] Reached target Sockets.
[[0;32m  OK  [0m] Reached target Basic System.
cloud-init[1100]: ci-info: +-------+---------------+----------+---------------+-----------+-------+
         Starting A high performance web server and a reverse proxy server...
[[0;32m  OK  [0m] Started FUSE filesystem for LXC.
[[0;32m  OK  [0m] Started D-Bus System Message Bus.
         Starting System Logging Service...
         Starting LXD - container startup/shutdown...
[[0;32m  OK  [0m] Started ACPI event daemon.
[[0;32m  OK  [0m] Started Unattended Upgrades Shutdown.
[[0;32m  OK  [0m] Started Deferred execution scheduler.
         Starting OpenBSD Secure Shell server...
         Starting vboxadd.service...
         Starting LSB: MD monitoring daemon...
[[0;32m  OK  [0m] Started Regular background program processing daemon.
         Starting /etc/rc.local Compatibility...
         Starting Apply the settings specified in cloud-config...
         Starting Accounts Service...
         Starting LSB: Record successful boot for GRUB...
         Starting Login Service...
         Starting Snappy daemon...
[[0;32m  OK  [0m] Started System Logging Service.
[[0;32m  OK  [0m] Started /etc/rc.local Compatibility.
[[0;32m  OK  [0m] Started OpenBSD Secure Shell server.
[[0;32m  OK  [0m] Started A high performance web server and a reverse proxy server.
[[0;32m  OK  [0m] Started Login to default iSCSI targets.
[[0;32m  OK  [0m] Started LXD - container startup/shutdown.
[[0;32m  OK  [0m] Started LSB: MD monitoring daemon.
[[0;32m  OK  [0m] Started Snappy daemon.
[[0;32m  OK  [0m] Started LSB: Record successful boot for GRUB.
[[0;32m  OK  [0m] Started Login Service.
         Starting Authenticate and Authorize Users to Run Privileged Tasks...
         Starting Wait until snapd is fully seeded...
[[0;32m  OK  [0m] Reached target Remote File Systems (Pre).
[[0;32m  OK  [0m] Reached target Remote File Systems.
         Starting LSB: Set the CPU Frequency Scaling governor to "ondemand"...
         Starting LSB: daemon to balance interrupts for SMP systems...
         Starting Permit User Sessions...
         Starting LSB: automatic crash report generation...
[[0;32m  OK  [0m] Started vboxadd.service.
[[0;32m  OK  [0m] Started Wait until snapd is fully seeded.
[[0;32m  OK  [0m] Started Permit User Sessions.
[[0;32m  OK  [0m] Started Authenticate and Authorize Users to Run Privileged Tasks.
[[0;32m  OK  [0m] Started Accounts Service.
[[0;32m  OK  [0m] Started LSB: Set the CPU Frequency Scaling governor to "ondemand".
         Starting Terminate Plymouth Boot Screen...
         Starting Hold until boot process finishes up...
         Starting vboxadd-service.service...
[[0;32m  OK  [0m] Started LSB: daemon to balance interrupts for SMP systems.
[[0;32m  OK  [0m] Started LSB: automatic crash report generation.
[[0;32m  OK  [0m] Started Terminate Plymouth Boot Screen.
[[0;32m  OK  [0m] Started Hold until boot process finishes up.
[[0;1;31mFAILED[0m] Failed to start vboxadd-service.service.
See 'systemctl status vboxadd-service.service' for details.
[[0;32m  OK  [0m] Started Getty on tty1.
[   13.508119] cloud-init[1196]: Cloud-init v. 18.2 running 'modules:config' at Thu, 19 Jul 2018 09:38:02 +0000. Up 13.33 seconds.
         Starting Set console scheme...
[[0;32m  OK  [0m] Started Serial Getty on ttyS0.
[[0;32m  OK  [0m] Reached target Login Prompts.
[[0;32m  OK  [0m] Reached target Multi-User System.
[[0;32m  OK  [0m] Reached target Graphical Interface.
         Starting Update UTMP about System Runlevel Changes...
[[0;32m  OK  [0m] Started Apply the settings specified in cloud-config.
[[0;32m  OK  [0m] Started Set console scheme.
[[0;32m  OK  [0m] Started Update UTMP about System Runlevel Changes.
         Starting Execute cloud user/final scripts...
[   14.154754] cloud-init[1357]: Cloud-init v. 18.2 running 'modules:final' at Thu, 19 Jul 2018 09:38:03 +0000. Up 14.00 seconds.
[   14.208589] [[0;32m  OK  [0m] Started Execute cloud user/final scripts.
cloud-init[1357]: Cloud-init v. 18.2 finished at Thu, 19 Jul 2018 09:38:03 +0000. Datasource DataSourceNoCloud [seed=/dev/sdb][dsmode=net].  Up 14.14 seconds[
[0;32m  OK  [0m] Reached target Cloud-init target.

Ubuntu 16.04.4 LTS ubuntu-xenial ttyS0

ubuntu-xenial login: 